#
# There is insufficient memory for the Java Runtime Environment to continue.
# Native memory allocation (malloc) failed to allocate 1672192 bytes. Error detail: Chunk::new
# Possible reasons:
#   The system is out of physical RAM or swap space
#   This process is running with CompressedOops enabled, and the Java Heap may be blocking the growth of the native heap
# Possible solutions:
#   Reduce memory load on the system
#   Increase physical memory or swap space
#   Check if swap backing store is full
#   Decrease Java heap size (-Xmx/-Xms)
#   Decrease number of Java threads
#   Decrease Java thread stack sizes (-Xss)
#   Set larger code cache with -XX:ReservedCodeCacheSize=
#   JVM is running with Unscaled Compressed Oops mode in which the Java heap is
#     placed in the first 4GB address space. The Java Heap base address is the
#     maximum limit for the native heap growth. Please use -XX:HeapBaseMinAddress
#     to set the Java Heap base and to place the Java Heap above 4GB virtual address.
# This output file may be truncated or incomplete.
#
#  Out of Memory Error (arena.cpp:168), pid=2228, tid=5372
#
# JRE version: OpenJDK Runtime Environment Temurin-21.0.5+11 (21.0.5+11) (build 21.0.5+11-LTS)
# Java VM: OpenJDK 64-Bit Server VM Temurin-21.0.5+11 (21.0.5+11-LTS, mixed mode, sharing, tiered, compressed oops, compressed class ptrs, parallel gc, windows-amd64)
# No core dump will be written. Minidumps are not enabled by default on client versions of Windows
#

---------------  S U M M A R Y ------------

Command Line: --add-modules=ALL-SYSTEM --add-opens=java.base/java.util=ALL-UNNAMED --add-opens=java.base/java.lang=ALL-UNNAMED --add-opens=java.base/sun.nio.fs=ALL-UNNAMED -Declipse.application=org.eclipse.jdt.ls.core.id1 -Dosgi.bundles.defaultStartLevel=4 -Declipse.product=org.eclipse.jdt.ls.core.product -Djava.import.generatesMetadataFilesAtProjectRoot=false -DDetectVMInstallationsJob.disabled=true -Dfile.encoding=utf8 -XX:+UseParallelGC -XX:GCTimeRatio=4 -XX:AdaptiveSizePolicyWeight=90 -Dsun.zip.disableMemoryMapping=true -Xmx1G -Xms100m -Xlog:disable -javaagent:c:\Users\alumne-DAM\.vscode\extensions\redhat.java-1.39.0-win32-x64\lombok\lombok-1.18.34.jar -XX:+HeapDumpOnOutOfMemoryError -XX:HeapDumpPath=c:\Users\alumne-DAM\AppData\Roaming\Code\User\workspaceStorage\d92a9ae4a03af72c8a4a38da557926c8\redhat.java -Daether.dependencyCollector.impl=bf c:\Users\alumne-DAM\.vscode\extensions\redhat.java-1.39.0-win32-x64\server\plugins\org.eclipse.equinox.launcher_1.6.900.v20240613-2009.jar -configuration c:\Users\alumne-DAM\AppData\Roaming\Code\User\globalStorage\redhat.java\1.39.0\config_win -data c:\Users\alumne-DAM\AppData\Roaming\Code\User\workspaceStorage\d92a9ae4a03af72c8a4a38da557926c8\redhat.java\jdt_ws --pipe=\\.\pipe\lsp-9be377a0c0418a81e7709b7b7c2efd21-sock

Host: 11th Gen Intel(R) Core(TM) i5-11400 @ 2.60GHz, 12 cores, 15G,  Windows 11 , 64 bit Build 26100 (10.0.26100.2454)
Time: Wed Feb 12 18:20:07 2025 Hora estándar romance elapsed time: 5.934460 seconds (0d 0h 0m 5s)

---------------  T H R E A D  ---------------

Current thread (0x0000019e6bc0acf0):  JavaThread "C2 CompilerThread0" daemon [_thread_in_native, id=5372, stack(0x0000000456200000,0x0000000456300000) (1024K)]


Current CompileTask:
C2:5934 6087   !   4       org.eclipse.osgi.internal.loader.BundleLoader::findClass0 (470 bytes)

Stack: [0x0000000456200000,0x0000000456300000]
Native frames: (J=compiled Java code, j=interpreted, Vv=VM code, C=native code)
V  [jvm.dll+0x6cd4e9]
V  [jvm.dll+0x8a7941]
V  [jvm.dll+0x8a9e6e]
V  [jvm.dll+0x8aa543]
V  [jvm.dll+0x27f6d6]
V  [jvm.dll+0xc500d]
V  [jvm.dll+0xc5543]
V  [jvm.dll+0x3b660c]
V  [jvm.dll+0x1dffe9]
V  [jvm.dll+0x247b22]
V  [jvm.dll+0x246faf]
V  [jvm.dll+0x1c75ce]
V  [jvm.dll+0x25682a]
V  [jvm.dll+0x254dca]
V  [jvm.dll+0x3f00d6]
V  [jvm.dll+0x8514fb]
V  [jvm.dll+0x6cbbed]
C  [ucrtbase.dll+0x14ea0]
C  [KERNEL32.DLL+0x2e8d7]
C  [ntdll.dll+0xdfbcc]


---------------  P R O C E S S  ---------------

Threads class SMR info:
_java_thread_list=0x0000019e744ea150, length=50, elements={
0x0000019e144de760, 0x0000019e6bbf4090, 0x0000019e6bbf4be0, 0x0000019e6bbf8960,
0x0000019e6bbf9810, 0x0000019e6bbfcfe0, 0x0000019e6bc02fb0, 0x0000019e6bc0acf0,
0x0000019e6bc18540, 0x0000019e6bcd9a00, 0x0000019e6bebbe00, 0x0000019e6bf4d720,
0x0000019e708ffa90, 0x0000019e70948b40, 0x0000019e708e6a20, 0x0000019e70b30800,
0x0000019e70ae93b0, 0x0000019e70eccbb0, 0x0000019e712bbc80, 0x0000019e712bdd70,
0x0000019e712bc330, 0x0000019e712bf120, 0x0000019e71017f70, 0x0000019e712bc9c0,
0x0000019e712bd050, 0x0000019e712bd6e0, 0x0000019e712bf7b0, 0x0000019e712bea90,
0x0000019e738f0f90, 0x0000019e738f1cb0, 0x0000019e738ee830, 0x0000019e738f0900,
0x0000019e738f1620, 0x0000019e738f2340, 0x0000019e738eeec0, 0x0000019e738f29d0,
0x0000019e738ef550, 0x0000019e738f3060, 0x0000019e738efbe0, 0x0000019e738f36f0,
0x0000019e738f0270, 0x0000019e738f3d80, 0x0000019e738f5130, 0x0000019e738f4410,
0x0000019e738f4aa0, 0x0000019e738f57c0, 0x0000019e738f5e50, 0x0000019e716e6cd0,
0x0000019e716e79f0, 0x0000019e716e8710
}

Java Threads: ( => current thread )
  0x0000019e144de760 JavaThread "main"                              [_thread_blocked, id=1088, stack(0x0000000455800000,0x0000000455900000) (1024K)]
  0x0000019e6bbf4090 JavaThread "Reference Handler"          daemon [_thread_blocked, id=13512, stack(0x0000000455c00000,0x0000000455d00000) (1024K)]
  0x0000019e6bbf4be0 JavaThread "Finalizer"                  daemon [_thread_blocked, id=1208, stack(0x0000000455d00000,0x0000000455e00000) (1024K)]
  0x0000019e6bbf8960 JavaThread "Signal Dispatcher"          daemon [_thread_blocked, id=14544, stack(0x0000000455e00000,0x0000000455f00000) (1024K)]
  0x0000019e6bbf9810 JavaThread "Attach Listener"            daemon [_thread_blocked, id=11000, stack(0x0000000455f00000,0x0000000456000000) (1024K)]
  0x0000019e6bbfcfe0 JavaThread "Service Thread"             daemon [_thread_blocked, id=5216, stack(0x0000000456000000,0x0000000456100000) (1024K)]
  0x0000019e6bc02fb0 JavaThread "Monitor Deflation Thread"   daemon [_thread_blocked, id=15000, stack(0x0000000456100000,0x0000000456200000) (1024K)]
=>0x0000019e6bc0acf0 JavaThread "C2 CompilerThread0"         daemon [_thread_in_native, id=5372, stack(0x0000000456200000,0x0000000456300000) (1024K)]
  0x0000019e6bc18540 JavaThread "C1 CompilerThread0"         daemon [_thread_blocked, id=14580, stack(0x0000000456300000,0x0000000456400000) (1024K)]
  0x0000019e6bcd9a00 JavaThread "Common-Cleaner"             daemon [_thread_blocked, id=12316, stack(0x0000000456400000,0x0000000456500000) (1024K)]
  0x0000019e6bebbe00 JavaThread "C2 CompilerThread1"         daemon [_thread_blocked, id=17692, stack(0x0000000456500000,0x0000000456600000) (1024K)]
  0x0000019e6bf4d720 JavaThread "Notification Thread"        daemon [_thread_blocked, id=8992, stack(0x0000000456600000,0x0000000456700000) (1024K)]
  0x0000019e708ffa90 JavaThread "Active Thread: Equinox Container: 684b83ec-f66b-4d64-a8fe-995a0fcf19db"        [_thread_blocked, id=9756, stack(0x0000000456e00000,0x0000000456f00000) (1024K)]
  0x0000019e70948b40 JavaThread "Refresh Thread: Equinox Container: 684b83ec-f66b-4d64-a8fe-995a0fcf19db" daemon [_thread_blocked, id=13396, stack(0x0000000456f00000,0x0000000457000000) (1024K)]
  0x0000019e708e6a20 JavaThread "Framework Event Dispatcher: Equinox Container: 684b83ec-f66b-4d64-a8fe-995a0fcf19db" daemon [_thread_blocked, id=16836, stack(0x0000000457100000,0x0000000457200000) (1024K)]
  0x0000019e70b30800 JavaThread "Start Level: Equinox Container: 684b83ec-f66b-4d64-a8fe-995a0fcf19db" daemon [_thread_blocked, id=14896, stack(0x0000000457200000,0x0000000457300000) (1024K)]
  0x0000019e70ae93b0 JavaThread "Bundle File Closer"         daemon [_thread_blocked, id=3480, stack(0x0000000457300000,0x0000000457400000) (1024K)]
  0x0000019e70eccbb0 JavaThread "SCR Component Actor"        daemon [_thread_blocked, id=8244, stack(0x0000000457600000,0x0000000457700000) (1024K)]
  0x0000019e712bbc80 JavaThread "SCR Component Registry"     daemon [_thread_blocked, id=11736, stack(0x0000000457700000,0x0000000457800000) (1024K)]
  0x0000019e712bdd70 JavaThread "Worker-JM"                         [_thread_blocked, id=16644, stack(0x0000000456700000,0x0000000456800000) (1024K)]
  0x0000019e712bc330 JavaThread "Worker-0"                          [_thread_blocked, id=11792, stack(0x0000000457800000,0x0000000457900000) (1024K)]
  0x0000019e712bf120 JavaThread "Worker-1"                          [_thread_blocked, id=18452, stack(0x0000000457900000,0x0000000457a00000) (1024K)]
  0x0000019e71017f70 JavaThread "C2 CompilerThread2"         daemon [_thread_blocked, id=6124, stack(0x0000000457a00000,0x0000000457b00000) (1024K)]
  0x0000019e712bc9c0 JavaThread "Java indexing"              daemon [_thread_blocked, id=16524, stack(0x0000000457b00000,0x0000000457c00000) (1024K)]
  0x0000019e712bd050 JavaThread "JNA Cleaner"                daemon [_thread_blocked, id=15344, stack(0x0000000457c00000,0x0000000457d00000) (1024K)]
  0x0000019e712bd6e0 JavaThread "Worker-2"                          [_thread_blocked, id=8644, stack(0x0000000458000000,0x0000000458100000) (1024K)]
  0x0000019e712bf7b0 JavaThread "Worker-3"                          [_thread_blocked, id=13068, stack(0x0000000458100000,0x0000000458200000) (1024K)]
  0x0000019e712bea90 JavaThread "Thread-2"                   daemon [_thread_in_native, id=2456, stack(0x0000000458200000,0x0000000458300000) (1024K)]
  0x0000019e738f0f90 JavaThread "Thread-3"                   daemon [_thread_in_native, id=9672, stack(0x0000000458300000,0x0000000458400000) (1024K)]
  0x0000019e738f1cb0 JavaThread "Thread-4"                   daemon [_thread_in_native, id=17252, stack(0x0000000458400000,0x0000000458500000) (1024K)]
  0x0000019e738ee830 JavaThread "Thread-5"                   daemon [_thread_in_native, id=6732, stack(0x0000000458500000,0x0000000458600000) (1024K)]
  0x0000019e738f0900 JavaThread "Thread-6"                   daemon [_thread_in_native, id=11860, stack(0x0000000458600000,0x0000000458700000) (1024K)]
  0x0000019e738f1620 JavaThread "Thread-7"                   daemon [_thread_in_native, id=5516, stack(0x0000000458700000,0x0000000458800000) (1024K)]
  0x0000019e738f2340 JavaThread "Thread-8"                   daemon [_thread_in_native, id=6988, stack(0x0000000458800000,0x0000000458900000) (1024K)]
  0x0000019e738eeec0 JavaThread "Thread-9"                   daemon [_thread_in_native, id=8216, stack(0x0000000458900000,0x0000000458a00000) (1024K)]
  0x0000019e738f29d0 JavaThread "Thread-10"                  daemon [_thread_in_native, id=13124, stack(0x0000000458a00000,0x0000000458b00000) (1024K)]
  0x0000019e738ef550 JavaThread "Thread-11"                  daemon [_thread_in_native, id=3604, stack(0x0000000458b00000,0x0000000458c00000) (1024K)]
  0x0000019e738f3060 JavaThread "Thread-12"                  daemon [_thread_in_native, id=12360, stack(0x0000000458c00000,0x0000000458d00000) (1024K)]
  0x0000019e738efbe0 JavaThread "Thread-13"                  daemon [_thread_in_native, id=18496, stack(0x0000000458d00000,0x0000000458e00000) (1024K)]
  0x0000019e738f36f0 JavaThread "Thread-14"                  daemon [_thread_in_native, id=9760, stack(0x0000000458e00000,0x0000000458f00000) (1024K)]
  0x0000019e738f0270 JavaThread "pool-2-thread-1"                   [_thread_blocked, id=11212, stack(0x0000000458f00000,0x0000000459000000) (1024K)]
  0x0000019e738f3d80 JavaThread "WorkspaceEventsHandler"            [_thread_blocked, id=15604, stack(0x0000000459100000,0x0000000459200000) (1024K)]
  0x0000019e738f5130 JavaThread "pool-1-thread-1"                   [_thread_blocked, id=10556, stack(0x0000000459200000,0x0000000459300000) (1024K)]
  0x0000019e738f4410 JavaThread "Worker-4"                          [_thread_blocked, id=5336, stack(0x0000000459300000,0x0000000459400000) (1024K)]
  0x0000019e738f4aa0 JavaThread "Worker-5"                          [_thread_blocked, id=16700, stack(0x0000000459400000,0x0000000459500000) (1024K)]
  0x0000019e738f57c0 JavaThread "Keep-Alive-Timer"           daemon [_thread_blocked, id=11360, stack(0x0000000459500000,0x0000000459600000) (1024K)]
  0x0000019e738f5e50 JavaThread "Output Stream Monitor for PID 15516" daemon [_thread_in_native, id=1132, stack(0x0000000459600000,0x0000000459700000) (1024K)]
  0x0000019e716e6cd0 JavaThread "Error Stream Monitor for PID 15516" daemon [_thread_in_native, id=16264, stack(0x0000000459700000,0x0000000459800000) (1024K)]
  0x0000019e716e79f0 JavaThread "Input Stream Monitor for PID 15516" daemon [_thread_blocked, id=6836, stack(0x0000000459800000,0x0000000459900000) (1024K)]
  0x0000019e716e8710 JavaThread "Process monitor for PID 15516" daemon [_thread_in_native, id=8912, stack(0x0000000459900000,0x0000000459a00000) (1024K)]
Total: 50

Other Threads:
  0x0000019e28a13f40 VMThread "VM Thread"                           [id=19628, stack(0x0000000455b00000,0x0000000455c00000) (1024K)]
  0x0000019e1454f2b0 WatcherThread "VM Periodic Task Thread"        [id=10464, stack(0x0000000455a00000,0x0000000455b00000) (1024K)]
  0x0000019e144fe670 WorkerThread "GC Thread#0"                     [id=14180, stack(0x0000000455900000,0x0000000455a00000) (1024K)]
  0x0000019e706982a0 WorkerThread "GC Thread#1"                     [id=13212, stack(0x0000000456800000,0x0000000456900000) (1024K)]
  0x0000019e7034dae0 WorkerThread "GC Thread#2"                     [id=13172, stack(0x0000000456900000,0x0000000456a00000) (1024K)]
  0x0000019e7034de80 WorkerThread "GC Thread#3"                     [id=18976, stack(0x0000000456a00000,0x0000000456b00000) (1024K)]
  0x0000019e7034e220 WorkerThread "GC Thread#4"                     [id=15032, stack(0x0000000456b00000,0x0000000456c00000) (1024K)]
  0x0000019e7034e5c0 WorkerThread "GC Thread#5"                     [id=12304, stack(0x0000000456c00000,0x0000000456d00000) (1024K)]
  0x0000019e7034ed70 WorkerThread "GC Thread#6"                     [id=8920, stack(0x0000000456d00000,0x0000000456e00000) (1024K)]
  0x0000019e70506e00 WorkerThread "GC Thread#7"                     [id=13012, stack(0x0000000457000000,0x0000000457100000) (1024K)]
  0x0000019e7104eed0 WorkerThread "GC Thread#8"                     [id=19192, stack(0x0000000457400000,0x0000000457500000) (1024K)]
  0x0000019e713554f0 WorkerThread "GC Thread#9"                     [id=13496, stack(0x0000000457500000,0x0000000457600000) (1024K)]
Total: 12

Threads with active compile tasks:
C2 CompilerThread0  5955 6087   !   4       org.eclipse.osgi.internal.loader.BundleLoader::findClass0 (470 bytes)
Total: 1

VM state: not at safepoint (normal execution)

VM Mutex/Monitor currently owned by a thread: None

Heap address: 0x00000000c0000000, size: 1024 MB, Compressed Oops mode: 32-bit

CDS archive(s) mapped at: [0x0000019e29000000-0x0000019e29ba0000-0x0000019e29ba0000), size 12189696, SharedBaseAddress: 0x0000019e29000000, ArchiveRelocationMode: 1.
Compressed class space mapped at: 0x0000019e2a000000-0x0000019e6a000000, reserved size: 1073741824
Narrow klass base: 0x0000019e29000000, Narrow klass shift: 0, Narrow klass range: 0x100000000

GC Precious Log:
 CardTable entry size: 512
 CPUs: 12 total, 12 available
 Memory: 16181M
 Large Page Support: Disabled
 NUMA Support: Disabled
 Compressed Oops: Enabled (32-bit)
 Alignments: Space 512K, Generation 512K, Heap 2M
 Heap Min Capacity: 100M
 Heap Initial Capacity: 100M
 Heap Max Capacity: 1G
 Pre-touch: Disabled
 Parallel Workers: 10

Heap:
 PSYoungGen      total 23552K, used 14023K [0x00000000eab00000, 0x00000000ec680000, 0x0000000100000000)
  eden space 22016K, 56% used [0x00000000eab00000,0x00000000eb731e78,0x00000000ec080000)
  from space 1536K, 100% used [0x00000000ec080000,0x00000000ec200000,0x00000000ec200000)
  to   space 3072K, 0% used [0x00000000ec380000,0x00000000ec380000,0x00000000ec680000)
 ParOldGen       total 68608K, used 22851K [0x00000000c0000000, 0x00000000c4300000, 0x00000000eab00000)
  object space 68608K, 33% used [0x00000000c0000000,0x00000000c1650d38,0x00000000c4300000)
 Metaspace       used 48480K, committed 49600K, reserved 1114112K
  class space    used 5227K, committed 5696K, reserved 1048576K

Card table byte_map: [0x0000019e13eb0000,0x0000019e140c0000] _byte_map_base: 0x0000019e138b0000

Marking Bits: (ParMarkBitMap*) 0x00007ffdab0e2250
 Begin Bits: [0x0000019e26830000, 0x0000019e27830000)
 End Bits:   [0x0000019e27830000, 0x0000019e28830000)

Polling page: 0x0000019e13ca0000

Metaspace:

Usage:
  Non-class:     42.24 MB used.
      Class:      5.11 MB used.
       Both:     47.34 MB used.

Virtual space:
  Non-class space:       64.00 MB reserved,      42.88 MB ( 67%) committed,  1 nodes.
      Class space:        1.00 GB reserved,       5.56 MB ( <1%) committed,  1 nodes.
             Both:        1.06 GB reserved,      48.44 MB (  4%) committed. 

Chunk freelists:
   Non-Class:  4.30 MB
       Class:  10.48 MB
        Both:  14.78 MB

MaxMetaspaceSize: unlimited
CompressedClassSpaceSize: 1.00 GB
Initial GC threshold: 21.00 MB
Current GC threshold: 58.38 MB
CDS: on
 - commit_granule_bytes: 65536.
 - commit_granule_words: 8192.
 - virtual_space_node_default_size: 8388608.
 - enlarge_chunks_in_place: 1.
 - use_allocation_guard: 0.


Internal statistics:

num_allocs_failed_limit: 6.
num_arena_births: 714.
num_arena_deaths: 14.
num_vsnodes_births: 2.
num_vsnodes_deaths: 0.
num_space_committed: 775.
num_space_uncommitted: 0.
num_chunks_returned_to_freelist: 20.
num_chunks_taken_from_freelist: 2611.
num_chunk_merges: 9.
num_chunk_splits: 1666.
num_chunks_enlarged: 1006.
num_inconsistent_stats: 0.

CodeHeap 'non-profiled nmethods': size=120000Kb used=2917Kb max_used=2917Kb free=117082Kb
 bounds [0x0000019e1f300000, 0x0000019e1f5e0000, 0x0000019e26830000]
CodeHeap 'profiled nmethods': size=120000Kb used=11467Kb max_used=11467Kb free=108532Kb
 bounds [0x0000019e17830000, 0x0000019e18370000, 0x0000019e1ed60000]
CodeHeap 'non-nmethods': size=5760Kb used=1412Kb max_used=1518Kb free=4347Kb
 bounds [0x0000019e1ed60000, 0x0000019e1efd0000, 0x0000019e1f300000]
 total_blobs=6405 nmethods=5706 adapters=605
 compilation: enabled
              stopped_count=0, restarted_count=0
 full_count=0

Compilation events (20 events):
Event: 4.744 Thread 0x0000019e6bebbe00 nmethod 6279 0x0000019e1f5cbd10 code [0x0000019e1f5cbea0, 0x0000019e1f5cbf78]
Event: 4.746 Thread 0x0000019e6bebbe00 6281       4       org.eclipse.osgi.internal.hooks.EclipseLazyStarter::preFindLocalClass (120 bytes)
Event: 4.749 Thread 0x0000019e6bc18540 6282       3       java.util.UUID::<init> (109 bytes)
Event: 4.749 Thread 0x0000019e6bc18540 nmethod 6282 0x0000019e1835e510 code [0x0000019e1835e6e0, 0x0000019e1835ea30]
Event: 4.757 Thread 0x0000019e6bc18540 6283       1       org.eclipse.core.internal.jobs.InternalJob::next (5 bytes)
Event: 4.757 Thread 0x0000019e6bc18540 nmethod 6283 0x0000019e1f5cc090 code [0x0000019e1f5cc220, 0x0000019e1f5cc2e8]
Event: 4.765 Thread 0x0000019e6bebbe00 nmethod 6281 0x0000019e1f5cc390 code [0x0000019e1f5cc6e0, 0x0000019e1f5cd9c8]
Event: 4.843 Thread 0x0000019e6bc18540 6284       3       java.util.concurrent.ConcurrentLinkedQueue::offer (120 bytes)
Event: 4.845 Thread 0x0000019e6bc18540 nmethod 6284 0x0000019e1835ec10 code [0x0000019e1835f000, 0x0000019e18360c50]
Event: 4.845 Thread 0x0000019e6bc18540 6286       3       java.util.concurrent.CountDownLatch$Sync::tryAcquireShared (13 bytes)
Event: 4.845 Thread 0x0000019e6bc18540 nmethod 6286 0x0000019e18361610 code [0x0000019e183617c0, 0x0000019e18361958]
Event: 4.845 Thread 0x0000019e6bc18540 6287       3       com.google.gson.reflect.TypeToken::get (9 bytes)
Event: 4.846 Thread 0x0000019e6bc18540 nmethod 6287 0x0000019e18361a10 code [0x0000019e18361bc0, 0x0000019e18361d48]
Event: 4.846 Thread 0x0000019e6bc18540 6285       3       java.util.concurrent.ConcurrentLinkedQueue$Node::<init> (13 bytes)
Event: 4.846 Thread 0x0000019e6bc18540 nmethod 6285 0x0000019e18361e10 code [0x0000019e18362060, 0x0000019e18362958]
Event: 4.847 Thread 0x0000019e6bc18540 6289       1       org.eclipse.core.internal.dtree.AbstractDataTree::isImmutable (5 bytes)
Event: 4.847 Thread 0x0000019e6bc18540 nmethod 6289 0x0000019e1f5ce910 code [0x0000019e1f5ceaa0, 0x0000019e1f5ceb70]
Event: 4.847 Thread 0x0000019e6bc18540 6288       1       java.nio.DirectByteBuffer::base (2 bytes)
Event: 4.848 Thread 0x0000019e6bc18540 nmethod 6288 0x0000019e1f5cec10 code [0x0000019e1f5ceda0, 0x0000019e1f5cee70]
Event: 4.870 Thread 0x0000019e71017f70 nmethod 6081 0x0000019e1f5cef10 code [0x0000019e1f5cf780, 0x0000019e1f5d5da8]

GC Heap History (20 events):
Event: 2.732 GC heap before
{Heap before GC invocations=10 (full 1):
 PSYoungGen      total 24576K, used 24526K [0x00000000eab00000, 0x00000000ec880000, 0x0000000100000000)
  eden space 24064K, 100% used [0x00000000eab00000,0x00000000ec280000,0x00000000ec280000)
  from space 512K, 90% used [0x00000000ec800000,0x00000000ec873890,0x00000000ec880000)
  to   space 2048K, 0% used [0x00000000ec480000,0x00000000ec480000,0x00000000ec680000)
 ParOldGen       total 68608K, used 12591K [0x00000000c0000000, 0x00000000c4300000, 0x00000000eab00000)
  object space 68608K, 18% used [0x00000000c0000000,0x00000000c0c4be00,0x00000000c4300000)
 Metaspace       used 25940K, committed 26752K, reserved 1114112K
  class space    used 2422K, committed 2752K, reserved 1048576K
}
Event: 2.733 GC heap after
{Heap after GC invocations=10 (full 1):
 PSYoungGen      total 25600K, used 2044K [0x00000000eab00000, 0x00000000ec900000, 0x0000000100000000)
  eden space 23552K, 0% used [0x00000000eab00000,0x00000000eab00000,0x00000000ec200000)
  from space 2048K, 99% used [0x00000000ec480000,0x00000000ec67f040,0x00000000ec680000)
  to   space 2560K, 0% used [0x00000000ec680000,0x00000000ec680000,0x00000000ec900000)
 ParOldGen       total 68608K, used 13396K [0x00000000c0000000, 0x00000000c4300000, 0x00000000eab00000)
  object space 68608K, 19% used [0x00000000c0000000,0x00000000c0d15310,0x00000000c4300000)
 Metaspace       used 25940K, committed 26752K, reserved 1114112K
  class space    used 2422K, committed 2752K, reserved 1048576K
}
Event: 2.977 GC heap before
{Heap before GC invocations=11 (full 1):
 PSYoungGen      total 25600K, used 25596K [0x00000000eab00000, 0x00000000ec900000, 0x0000000100000000)
  eden space 23552K, 100% used [0x00000000eab00000,0x00000000ec200000,0x00000000ec200000)
  from space 2048K, 99% used [0x00000000ec480000,0x00000000ec67f040,0x00000000ec680000)
  to   space 2560K, 0% used [0x00000000ec680000,0x00000000ec680000,0x00000000ec900000)
 ParOldGen       total 68608K, used 13396K [0x00000000c0000000, 0x00000000c4300000, 0x00000000eab00000)
  object space 68608K, 19% used [0x00000000c0000000,0x00000000c0d15310,0x00000000c4300000)
 Metaspace       used 29997K, committed 30976K, reserved 1114112K
  class space    used 2869K, committed 3264K, reserved 1048576K
}
Event: 2.979 GC heap after
{Heap after GC invocations=11 (full 1):
 PSYoungGen      total 25600K, used 2532K [0x00000000eab00000, 0x00000000eca80000, 0x0000000100000000)
  eden space 23040K, 0% used [0x00000000eab00000,0x00000000eab00000,0x00000000ec180000)
  from space 2560K, 98% used [0x00000000ec680000,0x00000000ec8f91f8,0x00000000ec900000)
  to   space 4608K, 0% used [0x00000000ec180000,0x00000000ec180000,0x00000000ec600000)
 ParOldGen       total 68608K, used 14778K [0x00000000c0000000, 0x00000000c4300000, 0x00000000eab00000)
  object space 68608K, 21% used [0x00000000c0000000,0x00000000c0e6e888,0x00000000c4300000)
 Metaspace       used 29997K, committed 30976K, reserved 1114112K
  class space    used 2869K, committed 3264K, reserved 1048576K
}
Event: 3.081 GC heap before
{Heap before GC invocations=12 (full 1):
 PSYoungGen      total 25600K, used 25572K [0x00000000eab00000, 0x00000000eca80000, 0x0000000100000000)
  eden space 23040K, 100% used [0x00000000eab00000,0x00000000ec180000,0x00000000ec180000)
  from space 2560K, 98% used [0x00000000ec680000,0x00000000ec8f91f8,0x00000000ec900000)
  to   space 4608K, 0% used [0x00000000ec180000,0x00000000ec180000,0x00000000ec600000)
 ParOldGen       total 68608K, used 14778K [0x00000000c0000000, 0x00000000c4300000, 0x00000000eab00000)
  object space 68608K, 21% used [0x00000000c0000000,0x00000000c0e6e888,0x00000000c4300000)
 Metaspace       used 32995K, committed 34112K, reserved 1114112K
  class space    used 3219K, committed 3648K, reserved 1048576K
}
Event: 3.083 GC heap after
{Heap after GC invocations=12 (full 1):
 PSYoungGen      total 24576K, used 1856K [0x00000000eab00000, 0x00000000ec700000, 0x0000000100000000)
  eden space 22528K, 0% used [0x00000000eab00000,0x00000000eab00000,0x00000000ec100000)
  from space 2048K, 90% used [0x00000000ec180000,0x00000000ec350000,0x00000000ec380000)
  to   space 3072K, 0% used [0x00000000ec400000,0x00000000ec400000,0x00000000ec700000)
 ParOldGen       total 68608K, used 17284K [0x00000000c0000000, 0x00000000c4300000, 0x00000000eab00000)
  object space 68608K, 25% used [0x00000000c0000000,0x00000000c10e10d0,0x00000000c4300000)
 Metaspace       used 32995K, committed 34112K, reserved 1114112K
  class space    used 3219K, committed 3648K, reserved 1048576K
}
Event: 3.136 GC heap before
{Heap before GC invocations=13 (full 1):
 PSYoungGen      total 24576K, used 13825K [0x00000000eab00000, 0x00000000ec700000, 0x0000000100000000)
  eden space 22528K, 53% used [0x00000000eab00000,0x00000000eb6b0418,0x00000000ec100000)
  from space 2048K, 90% used [0x00000000ec180000,0x00000000ec350000,0x00000000ec380000)
  to   space 3072K, 0% used [0x00000000ec400000,0x00000000ec400000,0x00000000ec700000)
 ParOldGen       total 68608K, used 17284K [0x00000000c0000000, 0x00000000c4300000, 0x00000000eab00000)
  object space 68608K, 25% used [0x00000000c0000000,0x00000000c10e10d0,0x00000000c4300000)
 Metaspace       used 34809K, committed 35840K, reserved 1114112K
  class space    used 3462K, committed 3904K, reserved 1048576K
}
Event: 3.137 GC heap after
{Heap after GC invocations=13 (full 1):
 PSYoungGen      total 23552K, used 544K [0x00000000eab00000, 0x00000000ec500000, 0x0000000100000000)
  eden space 22528K, 0% used [0x00000000eab00000,0x00000000eab00000,0x00000000ec100000)
  from space 1024K, 53% used [0x00000000ec400000,0x00000000ec488000,0x00000000ec500000)
  to   space 1536K, 0% used [0x00000000ec200000,0x00000000ec200000,0x00000000ec380000)
 ParOldGen       total 68608K, used 18941K [0x00000000c0000000, 0x00000000c4300000, 0x00000000eab00000)
  object space 68608K, 27% used [0x00000000c0000000,0x00000000c127f610,0x00000000c4300000)
 Metaspace       used 34809K, committed 35840K, reserved 1114112K
  class space    used 3462K, committed 3904K, reserved 1048576K
}
Event: 3.137 GC heap before
{Heap before GC invocations=14 (full 2):
 PSYoungGen      total 23552K, used 544K [0x00000000eab00000, 0x00000000ec500000, 0x0000000100000000)
  eden space 22528K, 0% used [0x00000000eab00000,0x00000000eab00000,0x00000000ec100000)
  from space 1024K, 53% used [0x00000000ec400000,0x00000000ec488000,0x00000000ec500000)
  to   space 1536K, 0% used [0x00000000ec200000,0x00000000ec200000,0x00000000ec380000)
 ParOldGen       total 68608K, used 18941K [0x00000000c0000000, 0x00000000c4300000, 0x00000000eab00000)
  object space 68608K, 27% used [0x00000000c0000000,0x00000000c127f610,0x00000000c4300000)
 Metaspace       used 34809K, committed 35840K, reserved 1114112K
  class space    used 3462K, committed 3904K, reserved 1048576K
}
Event: 3.156 GC heap after
{Heap after GC invocations=14 (full 2):
 PSYoungGen      total 23552K, used 0K [0x00000000eab00000, 0x00000000ec500000, 0x0000000100000000)
  eden space 22528K, 0% used [0x00000000eab00000,0x00000000eab00000,0x00000000ec100000)
  from space 1024K, 0% used [0x00000000ec400000,0x00000000ec400000,0x00000000ec500000)
  to   space 1536K, 0% used [0x00000000ec200000,0x00000000ec200000,0x00000000ec380000)
 ParOldGen       total 68608K, used 18784K [0x00000000c0000000, 0x00000000c4300000, 0x00000000eab00000)
  object space 68608K, 27% used [0x00000000c0000000,0x00000000c1258328,0x00000000c4300000)
 Metaspace       used 34809K, committed 35840K, reserved 1114112K
  class space    used 3462K, committed 3904K, reserved 1048576K
}
Event: 3.280 GC heap before
{Heap before GC invocations=15 (full 2):
 PSYoungGen      total 23552K, used 22528K [0x00000000eab00000, 0x00000000ec500000, 0x0000000100000000)
  eden space 22528K, 100% used [0x00000000eab00000,0x00000000ec100000,0x00000000ec100000)
  from space 1024K, 0% used [0x00000000ec400000,0x00000000ec400000,0x00000000ec500000)
  to   space 1536K, 0% used [0x00000000ec200000,0x00000000ec200000,0x00000000ec380000)
 ParOldGen       total 68608K, used 18784K [0x00000000c0000000, 0x00000000c4300000, 0x00000000eab00000)
  object space 68608K, 27% used [0x00000000c0000000,0x00000000c1258328,0x00000000c4300000)
 Metaspace       used 38051K, committed 39168K, reserved 1114112K
  class space    used 3914K, committed 4416K, reserved 1048576K
}
Event: 3.281 GC heap after
{Heap after GC invocations=15 (full 2):
 PSYoungGen      total 23552K, used 1082K [0x00000000eab00000, 0x00000000ec480000, 0x0000000100000000)
  eden space 22016K, 0% used [0x00000000eab00000,0x00000000eab00000,0x00000000ec080000)
  from space 1536K, 70% used [0x00000000ec200000,0x00000000ec30eb38,0x00000000ec380000)
  to   space 1024K, 0% used [0x00000000ec380000,0x00000000ec380000,0x00000000ec480000)
 ParOldGen       total 68608K, used 18792K [0x00000000c0000000, 0x00000000c4300000, 0x00000000eab00000)
  object space 68608K, 27% used [0x00000000c0000000,0x00000000c125a328,0x00000000c4300000)
 Metaspace       used 38051K, committed 39168K, reserved 1114112K
  class space    used 3914K, committed 4416K, reserved 1048576K
}
Event: 3.441 GC heap before
{Heap before GC invocations=16 (full 2):
 PSYoungGen      total 23552K, used 23098K [0x00000000eab00000, 0x00000000ec480000, 0x0000000100000000)
  eden space 22016K, 100% used [0x00000000eab00000,0x00000000ec080000,0x00000000ec080000)
  from space 1536K, 70% used [0x00000000ec200000,0x00000000ec30eb38,0x00000000ec380000)
  to   space 1024K, 0% used [0x00000000ec380000,0x00000000ec380000,0x00000000ec480000)
 ParOldGen       total 68608K, used 18792K [0x00000000c0000000, 0x00000000c4300000, 0x00000000eab00000)
  object space 68608K, 27% used [0x00000000c0000000,0x00000000c125a328,0x00000000c4300000)
 Metaspace       used 39593K, committed 40640K, reserved 1114112K
  class space    used 4099K, committed 4544K, reserved 1048576K
}
Event: 3.443 GC heap after
{Heap after GC invocations=16 (full 2):
 PSYoungGen      total 23040K, used 1024K [0x00000000eab00000, 0x00000000ec580000, 0x0000000100000000)
  eden space 22016K, 0% used [0x00000000eab00000,0x00000000eab00000,0x00000000ec080000)
  from space 1024K, 100% used [0x00000000ec380000,0x00000000ec480000,0x00000000ec480000)
  to   space 2560K, 0% used [0x00000000ec080000,0x00000000ec080000,0x00000000ec300000)
 ParOldGen       total 68608K, used 19659K [0x00000000c0000000, 0x00000000c4300000, 0x00000000eab00000)
  object space 68608K, 28% used [0x00000000c0000000,0x00000000c1332ea0,0x00000000c4300000)
 Metaspace       used 39593K, committed 40640K, reserved 1114112K
  class space    used 4099K, committed 4544K, reserved 1048576K
}
Event: 3.672 GC heap before
{Heap before GC invocations=17 (full 2):
 PSYoungGen      total 23040K, used 23040K [0x00000000eab00000, 0x00000000ec580000, 0x0000000100000000)
  eden space 22016K, 100% used [0x00000000eab00000,0x00000000ec080000,0x00000000ec080000)
  from space 1024K, 100% used [0x00000000ec380000,0x00000000ec480000,0x00000000ec480000)
  to   space 2560K, 0% used [0x00000000ec080000,0x00000000ec080000,0x00000000ec300000)
 ParOldGen       total 68608K, used 19659K [0x00000000c0000000, 0x00000000c4300000, 0x00000000eab00000)
  object space 68608K, 28% used [0x00000000c0000000,0x00000000c1332ea0,0x00000000c4300000)
 Metaspace       used 41612K, committed 42688K, reserved 1114112K
  class space    used 4367K, committed 4864K, reserved 1048576K
}
Event: 3.673 GC heap after
{Heap after GC invocations=17 (full 2):
 PSYoungGen      total 23552K, used 1472K [0x00000000eab00000, 0x00000000ec480000, 0x0000000100000000)
  eden space 22016K, 0% used [0x00000000eab00000,0x00000000eab00000,0x00000000ec080000)
  from space 1536K, 95% used [0x00000000ec080000,0x00000000ec1f0000,0x00000000ec200000)
  to   space 2048K, 0% used [0x00000000ec280000,0x00000000ec280000,0x00000000ec480000)
 ParOldGen       total 68608K, used 20563K [0x00000000c0000000, 0x00000000c4300000, 0x00000000eab00000)
  object space 68608K, 29% used [0x00000000c0000000,0x00000000c1414ea0,0x00000000c4300000)
 Metaspace       used 41612K, committed 42688K, reserved 1114112K
  class space    used 4367K, committed 4864K, reserved 1048576K
}
Event: 4.071 GC heap before
{Heap before GC invocations=18 (full 2):
 PSYoungGen      total 23552K, used 23488K [0x00000000eab00000, 0x00000000ec480000, 0x0000000100000000)
  eden space 22016K, 100% used [0x00000000eab00000,0x00000000ec080000,0x00000000ec080000)
  from space 1536K, 95% used [0x00000000ec080000,0x00000000ec1f0000,0x00000000ec200000)
  to   space 2048K, 0% used [0x00000000ec280000,0x00000000ec280000,0x00000000ec480000)
 ParOldGen       total 68608K, used 20563K [0x00000000c0000000, 0x00000000c4300000, 0x00000000eab00000)
  object space 68608K, 29% used [0x00000000c0000000,0x00000000c1414ea0,0x00000000c4300000)
 Metaspace       used 44235K, committed 45376K, reserved 1114112K
  class space    used 4696K, committed 5184K, reserved 1048576K
}
Event: 4.073 GC heap after
{Heap after GC invocations=18 (full 2):
 PSYoungGen      total 23552K, used 1184K [0x00000000eab00000, 0x00000000ec400000, 0x0000000100000000)
  eden space 22016K, 0% used [0x00000000eab00000,0x00000000eab00000,0x00000000ec080000)
  from space 1536K, 77% used [0x00000000ec280000,0x00000000ec3a8000,0x00000000ec400000)
  to   space 1536K, 0% used [0x00000000ec080000,0x00000000ec080000,0x00000000ec200000)
 ParOldGen       total 68608K, used 21844K [0x00000000c0000000, 0x00000000c4300000, 0x00000000eab00000)
  object space 68608K, 31% used [0x00000000c0000000,0x00000000c1555038,0x00000000c4300000)
 Metaspace       used 44235K, committed 45376K, reserved 1114112K
  class space    used 4696K, committed 5184K, reserved 1048576K
}
Event: 4.553 GC heap before
{Heap before GC invocations=19 (full 2):
 PSYoungGen      total 23552K, used 23200K [0x00000000eab00000, 0x00000000ec400000, 0x0000000100000000)
  eden space 22016K, 100% used [0x00000000eab00000,0x00000000ec080000,0x00000000ec080000)
  from space 1536K, 77% used [0x00000000ec280000,0x00000000ec3a8000,0x00000000ec400000)
  to   space 1536K, 0% used [0x00000000ec080000,0x00000000ec080000,0x00000000ec200000)
 ParOldGen       total 68608K, used 21844K [0x00000000c0000000, 0x00000000c4300000, 0x00000000eab00000)
  object space 68608K, 31% used [0x00000000c0000000,0x00000000c1555038,0x00000000c4300000)
 Metaspace       used 46844K, committed 47936K, reserved 1114112K
  class space    used 5041K, committed 5504K, reserved 1048576K
}
Event: 4.555 GC heap after
{Heap after GC invocations=19 (full 2):
 PSYoungGen      total 23552K, used 1536K [0x00000000eab00000, 0x00000000ec680000, 0x0000000100000000)
  eden space 22016K, 0% used [0x00000000eab00000,0x00000000eab00000,0x00000000ec080000)
  from space 1536K, 100% used [0x00000000ec080000,0x00000000ec200000,0x00000000ec200000)
  to   space 3072K, 0% used [0x00000000ec380000,0x00000000ec380000,0x00000000ec680000)
 ParOldGen       total 68608K, used 22851K [0x00000000c0000000, 0x00000000c4300000, 0x00000000eab00000)
  object space 68608K, 33% used [0x00000000c0000000,0x00000000c1650d38,0x00000000c4300000)
 Metaspace       used 46844K, committed 47936K, reserved 1114112K
  class space    used 5041K, committed 5504K, reserved 1048576K
}

Dll operation events (14 events):
Event: 0.006 Loaded shared library c:\Users\alumne-DAM\.vscode\extensions\redhat.java-1.39.0-win32-x64\jre\21.0.5-win32-x86_64\bin\java.dll
Event: 0.045 Loaded shared library c:\Users\alumne-DAM\.vscode\extensions\redhat.java-1.39.0-win32-x64\jre\21.0.5-win32-x86_64\bin\zip.dll
Event: 0.056 Loaded shared library C:\Users\alumne-DAM\.vscode\extensions\redhat.java-1.39.0-win32-x64\jre\21.0.5-win32-x86_64\bin\instrument.dll
Event: 0.058 Loaded shared library C:\Users\alumne-DAM\.vscode\extensions\redhat.java-1.39.0-win32-x64\jre\21.0.5-win32-x86_64\bin\net.dll
Event: 0.059 Loaded shared library C:\Users\alumne-DAM\.vscode\extensions\redhat.java-1.39.0-win32-x64\jre\21.0.5-win32-x86_64\bin\nio.dll
Event: 0.061 Loaded shared library C:\Users\alumne-DAM\.vscode\extensions\redhat.java-1.39.0-win32-x64\jre\21.0.5-win32-x86_64\bin\zip.dll
Event: 0.071 Loaded shared library C:\Users\alumne-DAM\.vscode\extensions\redhat.java-1.39.0-win32-x64\jre\21.0.5-win32-x86_64\bin\jimage.dll
Event: 0.112 Loaded shared library c:\Users\alumne-DAM\.vscode\extensions\redhat.java-1.39.0-win32-x64\jre\21.0.5-win32-x86_64\bin\verify.dll
Event: 0.887 Loaded shared library C:\Users\alumne-DAM\AppData\Roaming\Code\User\globalStorage\redhat.java\1.39.0\config_win\org.eclipse.equinox.launcher\org.eclipse.equinox.launcher.win32.win32.x86_64_1.2.1100.v20240722-2106\eclipse_11904.dll
Event: 1.730 Loaded shared library C:\Users\alumne-DAM\.vscode\extensions\redhat.java-1.39.0-win32-x64\jre\21.0.5-win32-x86_64\bin\management.dll
Event: 1.733 Loaded shared library C:\Users\alumne-DAM\.vscode\extensions\redhat.java-1.39.0-win32-x64\jre\21.0.5-win32-x86_64\bin\management_ext.dll
Event: 2.878 Loaded shared library C:\Users\alumne-DAM\AppData\Local\Temp\jna--570604515\jna3914020449799892862.dll
Event: 3.100 Loaded shared library C:\Users\alumne-DAM\.vscode\extensions\redhat.java-1.39.0-win32-x64\jre\21.0.5-win32-x86_64\bin\sunmscapi.dll
Event: 3.157 Loaded shared library C:\Users\alumne-DAM\.vscode\extensions\redhat.java-1.39.0-win32-x64\jre\21.0.5-win32-x86_64\bin\extnet.dll

Deoptimization events (20 events):
Event: 4.692 Thread 0x0000019e738f5130 DEOPT PACKING pc=0x0000019e1f3643d8 sp=0x00000004592fdb90
Event: 4.692 Thread 0x0000019e738f5130 DEOPT UNPACKING pc=0x0000019e1edb6da2 sp=0x00000004592fdb88 mode 2
Event: 4.727 Thread 0x0000019e738f5130 Uncommon trap: trap_request=0xffffffde fr.pc=0x0000019e1f3643d8 relative=0x0000000000001f78
Event: 4.727 Thread 0x0000019e738f5130 Uncommon trap: reason=class_check action=maybe_recompile pc=0x0000019e1f3643d8 method=sun.nio.cs.StreamDecoder.read([CII)I @ 8 c2
Event: 4.727 Thread 0x0000019e738f5130 DEOPT PACKING pc=0x0000019e1f3643d8 sp=0x00000004592fde90
Event: 4.727 Thread 0x0000019e738f5130 DEOPT UNPACKING pc=0x0000019e1edb6da2 sp=0x00000004592fde88 mode 2
Event: 4.727 Thread 0x0000019e738f5130 Uncommon trap: trap_request=0xffffff45 fr.pc=0x0000019e1f48d330 relative=0x0000000000000850
Event: 4.727 Thread 0x0000019e738f5130 Uncommon trap: reason=unstable_if action=reinterpret pc=0x0000019e1f48d330 method=java.util.zip.ZipCoder.hash(Ljava/lang/String;)I @ 11 c2
Event: 4.727 Thread 0x0000019e738f5130 DEOPT PACKING pc=0x0000019e1f48d330 sp=0x00000004592fe2c0
Event: 4.727 Thread 0x0000019e738f5130 DEOPT UNPACKING pc=0x0000019e1edb6da2 sp=0x00000004592fe188 mode 2
Event: 4.727 Thread 0x0000019e738f5130 Uncommon trap: trap_request=0xffffff6e fr.pc=0x0000019e1f40cb98 relative=0x0000000000000178
Event: 4.728 Thread 0x0000019e738f5130 Uncommon trap: reason=loop_limit_check action=maybe_recompile pc=0x0000019e1f40cb98 method=java.lang.StringLatin1.lastIndexOf([BII)I @ 19 c2
Event: 4.728 Thread 0x0000019e738f5130 DEOPT PACKING pc=0x0000019e1f40cb98 sp=0x00000004592fe240
Event: 4.728 Thread 0x0000019e738f5130 DEOPT UNPACKING pc=0x0000019e1edb6da2 sp=0x00000004592fe0f8 mode 2
Event: 4.743 Thread 0x0000019e712bc330 DEOPT PACKING pc=0x0000019e17befe59 sp=0x00000004578fed10
Event: 4.743 Thread 0x0000019e712bc330 DEOPT UNPACKING pc=0x0000019e1edb78e2 sp=0x00000004578fe1a8 mode 0
Event: 4.749 Thread 0x0000019e738f5130 Uncommon trap: trap_request=0xffffff45 fr.pc=0x0000019e1f533d5c relative=0x000000000000045c
Event: 4.749 Thread 0x0000019e738f5130 Uncommon trap: reason=unstable_if action=reinterpret pc=0x0000019e1f533d5c method=java.lang.StringConcatHelper.simpleConcat(Ljava/lang/Object;Ljava/lang/Object;)Ljava/lang/String; @ 30 c2
Event: 4.749 Thread 0x0000019e738f5130 DEOPT PACKING pc=0x0000019e1f533d5c sp=0x00000004592fe190
Event: 4.749 Thread 0x0000019e738f5130 DEOPT UNPACKING pc=0x0000019e1edb6da2 sp=0x00000004592fe138 mode 2

Classes loaded (20 events):
Event: 4.725 Loading class java/util/concurrent/CompletableFuture$Completion
Event: 4.725 Loading class java/util/concurrent/CompletableFuture$AsynchronousCompletionTask
Event: 4.725 Loading class java/util/concurrent/CompletableFuture$AsynchronousCompletionTask done
Event: 4.725 Loading class java/util/concurrent/CompletableFuture$Completion done
Event: 4.730 Loading class sun/nio/ch/WindowsAsynchronousFileChannelImpl$WriteTask
Event: 4.730 Loading class java/lang/ProcessBuilder
Event: 4.730 Loading class sun/nio/ch/WindowsAsynchronousFileChannelImpl$WriteTask done
Event: 4.730 Loading class java/lang/ProcessBuilder done
Event: 4.730 Loading class java/lang/ProcessImpl
Event: 4.731 Loading class java/lang/ProcessImpl done
Event: 4.739 Loading class jdk/internal/math/FormattedFPDecimal
Event: 4.740 Loading class jdk/internal/math/FormattedFPDecimal done
Event: 4.741 Loading class java/lang/ProcessImpl$2
Event: 4.741 Loading class java/lang/ProcessImpl$2 done
Event: 4.741 Loading class java/lang/Process$PipeInputStream
Event: 4.741 Loading class java/lang/Process$PipeInputStream done
Event: 4.743 Loading class jdk/internal/event/ProcessStartEvent
Event: 4.744 Loading class jdk/internal/event/ProcessStartEvent done
Event: 4.747 Loading class java/lang/IllegalThreadStateException
Event: 4.747 Loading class java/lang/IllegalThreadStateException done

Classes unloaded (7 events):
Event: 2.431 Thread 0x0000019e28a13f40 Unloading class 0x0000019e2a198c00 'java/lang/invoke/LambdaForm$MH+0x0000019e2a198c00'
Event: 2.431 Thread 0x0000019e28a13f40 Unloading class 0x0000019e2a198800 'java/lang/invoke/LambdaForm$MH+0x0000019e2a198800'
Event: 2.431 Thread 0x0000019e28a13f40 Unloading class 0x0000019e2a198400 'java/lang/invoke/LambdaForm$MH+0x0000019e2a198400'
Event: 2.431 Thread 0x0000019e28a13f40 Unloading class 0x0000019e2a198000 'java/lang/invoke/LambdaForm$MH+0x0000019e2a198000'
Event: 2.431 Thread 0x0000019e28a13f40 Unloading class 0x0000019e2a197c00 'java/lang/invoke/LambdaForm$BMH+0x0000019e2a197c00'
Event: 2.431 Thread 0x0000019e28a13f40 Unloading class 0x0000019e2a197800 'java/lang/invoke/LambdaForm$DMH+0x0000019e2a197800'
Event: 2.431 Thread 0x0000019e28a13f40 Unloading class 0x0000019e2a196400 'java/lang/invoke/LambdaForm$DMH+0x0000019e2a196400'

Classes redefined (0 events):
No events

Internal exceptions (20 events):
Event: 4.696 Thread 0x0000019e738f5130 Exception <a 'sun/nio/fs/WindowsException'{0x00000000eb444348}> (0x00000000eb444348) 
thrown [s\src\hotspot\share\prims\jni.cpp, line 520]
Event: 4.696 Thread 0x0000019e738f5130 Exception <a 'sun/nio/fs/WindowsException'{0x00000000eb4450f0}> (0x00000000eb4450f0) 
thrown [s\src\hotspot\share\prims\jni.cpp, line 520]
Event: 4.697 Thread 0x0000019e738f5130 Exception <a 'sun/nio/fs/WindowsException'{0x00000000eb447460}> (0x00000000eb447460) 
thrown [s\src\hotspot\share\prims\jni.cpp, line 520]
Event: 4.697 Thread 0x0000019e738f5130 Exception <a 'sun/nio/fs/WindowsException'{0x00000000eb4481e0}> (0x00000000eb4481e0) 
thrown [s\src\hotspot\share\prims\jni.cpp, line 520]
Event: 4.701 Thread 0x0000019e738f5130 Exception <a 'sun/nio/fs/WindowsException'{0x00000000eb475d50}> (0x00000000eb475d50) 
thrown [s\src\hotspot\share\prims\jni.cpp, line 520]
Event: 4.701 Thread 0x0000019e738f5130 Exception <a 'sun/nio/fs/WindowsException'{0x00000000eb476b30}> (0x00000000eb476b30) 
thrown [s\src\hotspot\share\prims\jni.cpp, line 520]
Event: 4.701 Thread 0x0000019e738f5130 Exception <a 'sun/nio/fs/WindowsException'{0x00000000eb477e60}> (0x00000000eb477e60) 
thrown [s\src\hotspot\share\prims\jni.cpp, line 520]
Event: 4.701 Thread 0x0000019e738f5130 Exception <a 'sun/nio/fs/WindowsException'{0x00000000eb4789a0}> (0x00000000eb4789a0) 
thrown [s\src\hotspot\share\prims\jni.cpp, line 520]
Event: 4.709 Thread 0x0000019e738f5130 Exception <a 'java/lang/NoSuchMethodError'{0x00000000eb4f8a48}: 'void java.lang.invoke.DirectMethodHandle$Holder.invokeVirtual(java.lang.Object, java.lang.Object, java.lang.Object, java.lang.Object)'> (0x00000000eb4f8a48) 
thrown [s\src\hotspot\share\interpreter\linkResolver.cpp, line 773]
Event: 4.719 Thread 0x0000019e738f5130 Exception <a 'sun/nio/fs/WindowsException'{0x00000000eb546920}> (0x00000000eb546920) 
thrown [s\src\hotspot\share\prims\jni.cpp, line 520]
Event: 4.719 Thread 0x0000019e738f5130 Exception <a 'sun/nio/fs/WindowsException'{0x00000000eb547460}> (0x00000000eb547460) 
thrown [s\src\hotspot\share\prims\jni.cpp, line 520]
Event: 4.721 Thread 0x0000019e738f5130 Exception <a 'sun/nio/fs/WindowsException'{0x00000000eb56f4c8}> (0x00000000eb56f4c8) 
thrown [s\src\hotspot\share\prims\jni.cpp, line 520]
Event: 4.721 Thread 0x0000019e738f5130 Exception <a 'sun/nio/fs/WindowsException'{0x00000000eb570008}> (0x00000000eb570008) 
thrown [s\src\hotspot\share\prims\jni.cpp, line 520]
Event: 4.724 Thread 0x0000019e738f5130 Exception <a 'sun/nio/fs/WindowsException'{0x00000000eb584580}> (0x00000000eb584580) 
thrown [s\src\hotspot\share\prims\jni.cpp, line 520]
Event: 4.726 Thread 0x0000019e738f5130 Exception <a 'sun/nio/fs/WindowsException'{0x00000000eb5aecd8}> (0x00000000eb5aecd8) 
thrown [s\src\hotspot\share\prims\jni.cpp, line 520]
Event: 4.726 Thread 0x0000019e738f5130 Exception <a 'sun/nio/fs/WindowsException'{0x00000000eb5af328}> (0x00000000eb5af328) 
thrown [s\src\hotspot\share\prims\jni.cpp, line 520]
Event: 4.726 Thread 0x0000019e738f5130 Exception <a 'sun/nio/fs/WindowsException'{0x00000000eb5afd38}> (0x00000000eb5afd38) 
thrown [s\src\hotspot\share\prims\jni.cpp, line 520]
Event: 4.726 Thread 0x0000019e738f5130 Exception <a 'sun/nio/fs/WindowsException'{0x00000000eb5b0638}> (0x00000000eb5b0638) 
thrown [s\src\hotspot\share\prims\jni.cpp, line 520]
Event: 4.735 Thread 0x0000019e712bc330 Exception <a 'java/lang/NoSuchMethodError'{0x00000000eb628d00}: 'int java.lang.invoke.DirectMethodHandle$Holder.invokeSpecialIFC(java.lang.Object, java.lang.Object, java.lang.Object, java.lang.Object)'> (0x00000000eb628d00) 
thrown [s\src\hotspot\share\interpreter\linkResolver.cpp, line 773]
Event: 4.739 Thread 0x0000019e738f5130 Exception <a 'java/lang/NoSuchMethodError'{0x00000000eb5f1228}: 'void java.lang.invoke.DirectMethodHandle$Holder.invokeStatic(java.lang.Object, long)'> (0x00000000eb5f1228) 
thrown [s\src\hotspot\share\interpreter\linkResolver.cpp, line 773]

ZGC Phase Switch (0 events):
No events

VM Operations (20 events):
Event: 3.673 Executing VM operation: ParallelGCFailedAllocation (Allocation Failure) done
Event: 3.695 Executing VM operation: HandshakeAllThreads (Deoptimize)
Event: 3.695 Executing VM operation: HandshakeAllThreads (Deoptimize) done
Event: 3.797 Executing VM operation: HandshakeAllThreads (Deoptimize)
Event: 3.797 Executing VM operation: HandshakeAllThreads (Deoptimize) done
Event: 4.071 Executing VM operation: ParallelGCFailedAllocation (Allocation Failure)
Event: 4.073 Executing VM operation: ParallelGCFailedAllocation (Allocation Failure) done
Event: 4.162 Executing VM operation: HandshakeAllThreads (Deoptimize)
Event: 4.162 Executing VM operation: HandshakeAllThreads (Deoptimize) done
Event: 4.437 Executing VM operation: ICBufferFull
Event: 4.437 Executing VM operation: ICBufferFull done
Event: 4.480 Executing VM operation: HandshakeAllThreads (Deoptimize)
Event: 4.480 Executing VM operation: HandshakeAllThreads (Deoptimize) done
Event: 4.552 Executing VM operation: ParallelGCFailedAllocation (Allocation Failure)
Event: 4.556 Executing VM operation: ParallelGCFailedAllocation (Allocation Failure) done
Event: 4.636 Executing VM operation: HandshakeAllThreads (Deoptimize)
Event: 4.637 Executing VM operation: HandshakeAllThreads (Deoptimize) done
Event: 4.743 Executing VM operation: HandshakeAllThreads (Deoptimize)
Event: 4.743 Executing VM operation: HandshakeAllThreads (Deoptimize) done
Event: 5.755 Executing VM operation: Cleanup

Memory protections (0 events):
No events

Nmethod flushes (20 events):
Event: 3.147 Thread 0x0000019e28a13f40 flushing  nmethod 0x0000019e17e6f410
Event: 3.147 Thread 0x0000019e28a13f40 flushing  nmethod 0x0000019e17e6ff90
Event: 3.147 Thread 0x0000019e28a13f40 flushing  nmethod 0x0000019e17e70890
Event: 3.147 Thread 0x0000019e28a13f40 flushing  nmethod 0x0000019e17e71590
Event: 3.147 Thread 0x0000019e28a13f40 flushing  nmethod 0x0000019e17e71990
Event: 3.147 Thread 0x0000019e28a13f40 flushing  nmethod 0x0000019e17e71e10
Event: 3.147 Thread 0x0000019e28a13f40 flushing  nmethod 0x0000019e17e72790
Event: 3.147 Thread 0x0000019e28a13f40 flushing  nmethod 0x0000019e17e72c90
Event: 3.147 Thread 0x0000019e28a13f40 flushing  nmethod 0x0000019e17e82590
Event: 3.147 Thread 0x0000019e28a13f40 flushing  nmethod 0x0000019e17e9ee90
Event: 3.147 Thread 0x0000019e28a13f40 flushing  nmethod 0x0000019e17ea7810
Event: 3.147 Thread 0x0000019e28a13f40 flushing  nmethod 0x0000019e17eaf310
Event: 3.147 Thread 0x0000019e28a13f40 flushing  nmethod 0x0000019e17efb790
Event: 3.147 Thread 0x0000019e28a13f40 flushing  nmethod 0x0000019e17f32990
Event: 3.147 Thread 0x0000019e28a13f40 flushing  nmethod 0x0000019e17f49090
Event: 3.147 Thread 0x0000019e28a13f40 flushing  nmethod 0x0000019e17f66590
Event: 3.147 Thread 0x0000019e28a13f40 flushing  nmethod 0x0000019e17f9f210
Event: 3.147 Thread 0x0000019e28a13f40 flushing  nmethod 0x0000019e17f9ff10
Event: 3.147 Thread 0x0000019e28a13f40 flushing  nmethod 0x0000019e17fa0310
Event: 3.147 Thread 0x0000019e28a13f40 flushing  nmethod 0x0000019e17fadb10

Events (20 events):
Event: 2.989 Thread 0x0000019e144de760 Thread added: 0x0000019e738f1620
Event: 2.989 Thread 0x0000019e144de760 Thread added: 0x0000019e738f2340
Event: 2.989 Thread 0x0000019e144de760 Thread added: 0x0000019e738eeec0
Event: 2.989 Thread 0x0000019e144de760 Thread added: 0x0000019e738f29d0
Event: 2.989 Thread 0x0000019e144de760 Thread added: 0x0000019e738ef550
Event: 2.989 Thread 0x0000019e144de760 Thread added: 0x0000019e738f3060
Event: 2.989 Thread 0x0000019e144de760 Thread added: 0x0000019e738efbe0
Event: 2.989 Thread 0x0000019e144de760 Thread added: 0x0000019e738f36f0
Event: 3.009 Thread 0x0000019e144de760 Thread added: 0x0000019e738f0270
Event: 3.239 Thread 0x0000019e144de760 Thread added: 0x0000019e738f3d80
Event: 3.240 Thread 0x0000019e144de760 Thread added: 0x0000019e738f5130
Event: 3.274 Thread 0x0000019e712bd6e0 Thread added: 0x0000019e738f4410
Event: 3.483 Thread 0x0000019e712bf120 Thread added: 0x0000019e738f4aa0
Event: 3.484 Thread 0x0000019e738f4aa0 Thread exited: 0x0000019e738f4aa0
Event: 3.503 Thread 0x0000019e738f4410 Thread added: 0x0000019e738f4aa0
Event: 3.555 Thread 0x0000019e712bf120 Thread added: 0x0000019e738f57c0
Event: 4.754 Thread 0x0000019e738f5130 Thread added: 0x0000019e738f5e50
Event: 4.754 Thread 0x0000019e738f5130 Thread added: 0x0000019e716e6cd0
Event: 4.755 Thread 0x0000019e738f5130 Thread added: 0x0000019e716e79f0
Event: 4.756 Thread 0x0000019e738f5130 Thread added: 0x0000019e716e8710


Dynamic libraries:
0x00007ff61b190000 - 0x00007ff61b19e000 	c:\Users\alumne-DAM\.vscode\extensions\redhat.java-1.39.0-win32-x64\jre\21.0.5-win32-x86_64\bin\java.exe
0x00007ffe4d860000 - 0x00007ffe4dac3000 	C:\WINDOWS\SYSTEM32\ntdll.dll
0x00007ffe4c910000 - 0x00007ffe4c9d8000 	C:\WINDOWS\System32\KERNEL32.DLL
0x00007ffe4ac30000 - 0x00007ffe4afe2000 	C:\WINDOWS\System32\KERNELBASE.dll
0x00007ffe4b090000 - 0x00007ffe4b1db000 	C:\WINDOWS\System32\ucrtbase.dll
0x00007ffe1c5b0000 - 0x00007ffe1c5c8000 	c:\Users\alumne-DAM\.vscode\extensions\redhat.java-1.39.0-win32-x64\jre\21.0.5-win32-x86_64\bin\jli.dll
0x00007ffe116f0000 - 0x00007ffe1170e000 	c:\Users\alumne-DAM\.vscode\extensions\redhat.java-1.39.0-win32-x64\jre\21.0.5-win32-x86_64\bin\VCRUNTIME140.dll
0x00007ffe4d500000 - 0x00007ffe4d6c8000 	C:\WINDOWS\System32\USER32.dll
0x00007ffe4b1e0000 - 0x00007ffe4b207000 	C:\WINDOWS\System32\win32u.dll
0x00007ffe27030000 - 0x00007ffe272c0000 	C:\WINDOWS\WinSxS\amd64_microsoft.windows.common-controls_6595b64144ccf1df_6.0.26100.2454_none_3e0b68a2e331ad60\COMCTL32.dll
0x00007ffe4c830000 - 0x00007ffe4c85a000 	C:\WINDOWS\System32\GDI32.dll
0x00007ffe4c030000 - 0x00007ffe4c0d9000 	C:\WINDOWS\System32\msvcrt.dll
0x00007ffe4b590000 - 0x00007ffe4b6bb000 	C:\WINDOWS\System32\gdi32full.dll
0x00007ffe4b4e0000 - 0x00007ffe4b583000 	C:\WINDOWS\System32\msvcp_win.dll
0x00007ffe4c6a0000 - 0x00007ffe4c6cf000 	C:\WINDOWS\System32\IMM32.DLL
0x00007ffe47580000 - 0x00007ffe4758c000 	c:\Users\alumne-DAM\.vscode\extensions\redhat.java-1.39.0-win32-x64\jre\21.0.5-win32-x86_64\bin\vcruntime140_1.dll
0x00007ffe0da00000 - 0x00007ffe0da8d000 	c:\Users\alumne-DAM\.vscode\extensions\redhat.java-1.39.0-win32-x64\jre\21.0.5-win32-x86_64\bin\msvcp140.dll
0x00007ffdaa430000 - 0x00007ffdab1bf000 	c:\Users\alumne-DAM\.vscode\extensions\redhat.java-1.39.0-win32-x64\jre\21.0.5-win32-x86_64\bin\server\jvm.dll
0x00007ffe4c6e0000 - 0x00007ffe4c794000 	C:\WINDOWS\System32\ADVAPI32.dll
0x00007ffe4c860000 - 0x00007ffe4c906000 	C:\WINDOWS\System32\sechost.dll
0x00007ffe4ba00000 - 0x00007ffe4bb16000 	C:\WINDOWS\System32\RPCRT4.dll
0x00007ffe4c7b0000 - 0x00007ffe4c824000 	C:\WINDOWS\System32\WS2_32.dll
0x00007ffe4a370000 - 0x00007ffe4a3be000 	C:\WINDOWS\SYSTEM32\POWRPROF.dll
0x00007ffe42800000 - 0x00007ffe4280b000 	C:\WINDOWS\SYSTEM32\VERSION.dll
0x00007ffe35c20000 - 0x00007ffe35c56000 	C:\WINDOWS\SYSTEM32\WINMM.dll
0x00007ffe4a300000 - 0x00007ffe4a314000 	C:\WINDOWS\SYSTEM32\UMPDC.dll
0x00007ffe49a30000 - 0x00007ffe49a4a000 	C:\WINDOWS\SYSTEM32\kernel.appcore.dll
0x00007ffe26520000 - 0x00007ffe2652a000 	c:\Users\alumne-DAM\.vscode\extensions\redhat.java-1.39.0-win32-x64\jre\21.0.5-win32-x86_64\bin\jimage.dll
0x00007ffe06600000 - 0x00007ffe06841000 	C:\WINDOWS\SYSTEM32\DBGHELP.DLL
0x00007ffe4c310000 - 0x00007ffe4c68e000 	C:\WINDOWS\System32\combase.dll
0x00007ffe4d6f0000 - 0x00007ffe4d7c6000 	C:\WINDOWS\System32\OLEAUT32.dll
0x00007ffe30110000 - 0x00007ffe30149000 	C:\WINDOWS\SYSTEM32\dbgcore.DLL
0x00007ffe4aff0000 - 0x00007ffe4b089000 	C:\WINDOWS\System32\bcryptPrimitives.dll
0x00007ffe257b0000 - 0x00007ffe257bf000 	c:\Users\alumne-DAM\.vscode\extensions\redhat.java-1.39.0-win32-x64\jre\21.0.5-win32-x86_64\bin\instrument.dll
0x00007ffe112d0000 - 0x00007ffe112ef000 	c:\Users\alumne-DAM\.vscode\extensions\redhat.java-1.39.0-win32-x64\jre\21.0.5-win32-x86_64\bin\java.dll
0x00007ffe4cdf0000 - 0x00007ffe4d4f1000 	C:\WINDOWS\System32\SHELL32.dll
0x00007ffe48920000 - 0x00007ffe49151000 	C:\WINDOWS\SYSTEM32\windows.storage.dll
0x00007ffe4c9e0000 - 0x00007ffe4caba000 	C:\WINDOWS\System32\SHCORE.dll
0x00007ffe4cac0000 - 0x00007ffe4cb1d000 	C:\WINDOWS\System32\shlwapi.dll
0x00007ffe4ab40000 - 0x00007ffe4ab6e000 	C:\WINDOWS\SYSTEM32\profapi.dll
0x00007ffe11250000 - 0x00007ffe11268000 	c:\Users\alumne-DAM\.vscode\extensions\redhat.java-1.39.0-win32-x64\jre\21.0.5-win32-x86_64\bin\zip.dll
0x00007ffe24a00000 - 0x00007ffe24a10000 	C:\Users\alumne-DAM\.vscode\extensions\redhat.java-1.39.0-win32-x64\jre\21.0.5-win32-x86_64\bin\net.dll
0x00007ffe452b0000 - 0x00007ffe453d6000 	C:\WINDOWS\SYSTEM32\WINHTTP.dll
0x00007ffe49f10000 - 0x00007ffe49f78000 	C:\WINDOWS\system32\mswsock.dll
0x00007ffe0d9e0000 - 0x00007ffe0d9f6000 	C:\Users\alumne-DAM\.vscode\extensions\redhat.java-1.39.0-win32-x64\jre\21.0.5-win32-x86_64\bin\nio.dll
0x00007ffe23f70000 - 0x00007ffe23f80000 	c:\Users\alumne-DAM\.vscode\extensions\redhat.java-1.39.0-win32-x64\jre\21.0.5-win32-x86_64\bin\verify.dll
0x00007ffe0d940000 - 0x00007ffe0d985000 	C:\Users\alumne-DAM\AppData\Roaming\Code\User\globalStorage\redhat.java\1.39.0\config_win\org.eclipse.equinox.launcher\org.eclipse.equinox.launcher.win32.win32.x86_64_1.2.1100.v20240722-2106\eclipse_11904.dll
0x00007ffe4c0e0000 - 0x00007ffe4c279000 	C:\WINDOWS\System32\ole32.dll
0x00007ffe23ef0000 - 0x00007ffe23efa000 	C:\Users\alumne-DAM\.vscode\extensions\redhat.java-1.39.0-win32-x64\jre\21.0.5-win32-x86_64\bin\management.dll
0x00007ffe23d90000 - 0x00007ffe23d9b000 	C:\Users\alumne-DAM\.vscode\extensions\redhat.java-1.39.0-win32-x64\jre\21.0.5-win32-x86_64\bin\management_ext.dll
0x00007ffe4b6c0000 - 0x00007ffe4b6c8000 	C:\WINDOWS\System32\PSAPI.DLL
0x00007ffe4a3d0000 - 0x00007ffe4a3ec000 	C:\WINDOWS\SYSTEM32\CRYPTSP.dll
0x00007ffe49990000 - 0x00007ffe499c8000 	C:\WINDOWS\system32\rsaenh.dll
0x00007ffe49fb0000 - 0x00007ffe49fdb000 	C:\WINDOWS\SYSTEM32\USERENV.dll
0x00007ffe4a560000 - 0x00007ffe4a586000 	C:\WINDOWS\SYSTEM32\bcrypt.dll
0x00007ffe4a140000 - 0x00007ffe4a14c000 	C:\WINDOWS\SYSTEM32\CRYPTBASE.dll
0x00007ffe49450000 - 0x00007ffe49482000 	C:\WINDOWS\SYSTEM32\IPHLPAPI.DLL
0x00007ffe4b9f0000 - 0x00007ffe4b9fa000 	C:\WINDOWS\System32\NSI.dll
0x00007ffdd1b10000 - 0x00007ffdd1b59000 	C:\Users\alumne-DAM\AppData\Local\Temp\jna--570604515\jna3914020449799892862.dll
0x00007ffe44fc0000 - 0x00007ffe44fde000 	C:\WINDOWS\SYSTEM32\dhcpcsvc6.DLL
0x00007ffe44e00000 - 0x00007ffe44e25000 	C:\WINDOWS\SYSTEM32\dhcpcsvc.DLL
0x00007ffe203f0000 - 0x00007ffe203fe000 	C:\Users\alumne-DAM\.vscode\extensions\redhat.java-1.39.0-win32-x64\jre\21.0.5-win32-x86_64\bin\sunmscapi.dll
0x00007ffe4b2a0000 - 0x00007ffe4b416000 	C:\WINDOWS\System32\CRYPT32.dll
0x00007ffe4a520000 - 0x00007ffe4a550000 	C:\WINDOWS\SYSTEM32\ncrypt.dll
0x00007ffe4a4d0000 - 0x00007ffe4a50f000 	C:\WINDOWS\SYSTEM32\NTASN1.dll
0x00007ffe494e0000 - 0x00007ffe49605000 	C:\WINDOWS\SYSTEM32\DNSAPI.dll
0x00007ffe42bd0000 - 0x00007ffe42bdb000 	C:\Windows\System32\rasadhlp.dll
0x00007ffe44810000 - 0x00007ffe44895000 	C:\WINDOWS\System32\fwpuclnt.dll
0x00007ffe202f0000 - 0x00007ffe202f9000 	C:\Users\alumne-DAM\.vscode\extensions\redhat.java-1.39.0-win32-x64\jre\21.0.5-win32-x86_64\bin\extnet.dll

dbghelp: loaded successfully - version: 4.0.5 - missing functions: none
symbol engine: initialized successfully - sym options: 0x614 - pdb path: .;c:\Users\alumne-DAM\.vscode\extensions\redhat.java-1.39.0-win32-x64\jre\21.0.5-win32-x86_64\bin;C:\WINDOWS\SYSTEM32;C:\WINDOWS\WinSxS\amd64_microsoft.windows.common-controls_6595b64144ccf1df_6.0.26100.2454_none_3e0b68a2e331ad60;c:\Users\alumne-DAM\.vscode\extensions\redhat.java-1.39.0-win32-x64\jre\21.0.5-win32-x86_64\bin\server;C:\Users\alumne-DAM\AppData\Roaming\Code\User\globalStorage\redhat.java\1.39.0\config_win\org.eclipse.equinox.launcher\org.eclipse.equinox.launcher.win32.win32.x86_64_1.2.1100.v20240722-2106;C:\Users\alumne-DAM\AppData\Local\Temp\jna--570604515

VM Arguments:
jvm_args: --add-modules=ALL-SYSTEM --add-opens=java.base/java.util=ALL-UNNAMED --add-opens=java.base/java.lang=ALL-UNNAMED --add-opens=java.base/sun.nio.fs=ALL-UNNAMED -Declipse.application=org.eclipse.jdt.ls.core.id1 -Dosgi.bundles.defaultStartLevel=4 -Declipse.product=org.eclipse.jdt.ls.core.product -Djava.import.generatesMetadataFilesAtProjectRoot=false -DDetectVMInstallationsJob.disabled=true -Dfile.encoding=utf8 -XX:+UseParallelGC -XX:GCTimeRatio=4 -XX:AdaptiveSizePolicyWeight=90 -Dsun.zip.disableMemoryMapping=true -Xmx1G -Xms100m -Xlog:disable -javaagent:c:\Users\alumne-DAM\.vscode\extensions\redhat.java-1.39.0-win32-x64\lombok\lombok-1.18.34.jar -XX:+HeapDumpOnOutOfMemoryError -XX:HeapDumpPath=c:\Users\alumne-DAM\AppData\Roaming\Code\User\workspaceStorage\d92a9ae4a03af72c8a4a38da557926c8\redhat.java -Daether.dependencyCollector.impl=bf 
java_command: c:\Users\alumne-DAM\.vscode\extensions\redhat.java-1.39.0-win32-x64\server\plugins\org.eclipse.equinox.launcher_1.6.900.v20240613-2009.jar -configuration c:\Users\alumne-DAM\AppData\Roaming\Code\User\globalStorage\redhat.java\1.39.0\config_win -data c:\Users\alumne-DAM\AppData\Roaming\Code\User\workspaceStorage\d92a9ae4a03af72c8a4a38da557926c8\redhat.java\jdt_ws --pipe=\\.\pipe\lsp-9be377a0c0418a81e7709b7b7c2efd21-sock
java_class_path (initial): c:\Users\alumne-DAM\.vscode\extensions\redhat.java-1.39.0-win32-x64\server\plugins\org.eclipse.equinox.launcher_1.6.900.v20240613-2009.jar
Launcher Type: SUN_STANDARD

[Global flags]
    uintx AdaptiveSizePolicyWeight                 = 90                                        {product} {command line}
     intx CICompilerCount                          = 4                                         {product} {ergonomic}
    uintx GCTimeRatio                              = 4                                         {product} {command line}
     bool HeapDumpOnOutOfMemoryError               = true                                   {manageable} {command line}
    ccstr HeapDumpPath                             = c:\Users\alumne-DAM\AppData\Roaming\Code\User\workspaceStorage\d92a9ae4a03af72c8a4a38da557926c8\redhat.java         {manageable} {command line}
   size_t InitialHeapSize                          = 104857600                                 {product} {command line}
   size_t MaxHeapSize                              = 1073741824                                {product} {command line}
   size_t MaxNewSize                               = 357564416                                 {product} {ergonomic}
   size_t MinHeapDeltaBytes                        = 524288                                    {product} {ergonomic}
   size_t MinHeapSize                              = 104857600                                 {product} {command line}
   size_t NewSize                                  = 34603008                                  {product} {ergonomic}
    uintx NonNMethodCodeHeapSize                   = 5839372                                {pd product} {ergonomic}
    uintx NonProfiledCodeHeapSize                  = 122909434                              {pd product} {ergonomic}
   size_t OldSize                                  = 70254592                                  {product} {ergonomic}
    uintx ProfiledCodeHeapSize                     = 122909434                              {pd product} {ergonomic}
    uintx ReservedCodeCacheSize                    = 251658240                              {pd product} {ergonomic}
     bool SegmentedCodeCache                       = true                                      {product} {ergonomic}
   size_t SoftMaxHeapSize                          = 1073741824                             {manageable} {ergonomic}
     bool UseCompressedOops                        = true                           {product lp64_product} {ergonomic}
     bool UseLargePagesIndividualAllocation        = false                                  {pd product} {ergonomic}
     bool UseParallelGC                            = true                                      {product} {command line}

Logging:
Log output configuration:
 #0: stdout all=off uptime,level,tags foldmultilines=false
 #1: stderr all=off uptime,level,tags foldmultilines=false

Environment Variables:
PATH=C:\app\CFAdmin\product\21c\dbhomeXE\bin;C:\Program Files (x86)\Common Files\Oracle\Java\java8path;C:\Program Files (x86)\Common Files\Oracle\Java\javapath;C:\WINDOWS\system32;C:\WINDOWS;C:\WINDOWS\System32\Wbem;C:\WINDOWS\System32\WindowsPowerShell\v1.0\;C:\WINDOWS\System32\OpenSSH\;C:\Program Files\Docker\Docker\resources\bin;C:\Users\alumne-DAM\AppData\Local\Programs\Eclipse Adoptium\jdk-21.0.4.7-hotspot\bin;C:\Users\alumne-DAM\AppData\Local\Programs\Python\Launcher\;C:\Users\alumne-DAM\AppData\Local\Microsoft\WindowsApps;C:\Users\alumne-DAM\AppData\Local\Programs\Microsoft VS Code\bin;C:\Users\alumne-DAM\AppData\Local\GitHubDesktop\bin;C:\Users\alumne-DAM\AppData\Local\Programs\Git\cmd;
USERNAME=alumne-DAM
OS=Windows_NT
PROCESSOR_IDENTIFIER=Intel64 Family 6 Model 167 Stepping 1, GenuineIntel
TMP=C:\Users\ALUMNE~2\AppData\Local\Temp
TEMP=C:\Users\ALUMNE~2\AppData\Local\Temp




Periodic native trim disabled

---------------  S Y S T E M  ---------------

OS:
 Windows 11 , 64 bit Build 26100 (10.0.26100.2454)
OS uptime: 7 days 5:19 hours
Hyper-V role detected

CPU: total 12 (initial active 12) (6 cores per cpu, 2 threads per core) family 6 model 167 stepping 1 microcode 0x40, cx8, cmov, fxsr, ht, mmx, 3dnowpref, sse, sse2, sse3, ssse3, sse4.1, sse4.2, popcnt, lzcnt, tsc, tscinvbit, avx, avx2, aes, erms, clmul, bmi1, bmi2, adx, avx512f, avx512dq, avx512cd, avx512bw, avx512vl, sha, fma, vzeroupper, avx512_vpopcntdq, avx512_vpclmulqdq, avx512_vaes, avx512_vnni, clflush, clflushopt, avx512_vbmi2, avx512_vbmi, hv, rdtscp, rdpid, fsrm, gfni, avx512_bitalg, f16c, avx512_ifma
Processor Information for all 12 processors :
  Max Mhz: 2592, Current Mhz: 2592, Mhz Limit: 2592

Memory: 4k page, system-wide physical 16181M (3384M free)
TotalPageFile size 65333M (AvailPageFile size 45M)
current process WorkingSet (physical memory assigned to process): 205M, peak: 255M
current process commit charge ("private bytes"): 297M, peak: 344M

vm_info: OpenJDK 64-Bit Server VM (21.0.5+11-LTS) for windows-amd64 JRE (21.0.5+11-LTS), built on 2024-10-15T00:00:00Z by "admin" with MS VC++ 17.7 (VS2022)

END.
